<?xml version="1.0" encoding="UTF-8"?>
<testng-results skipped="1" failed="0" total="2" passed="1">
  <reporter-output>
  </reporter-output>
  <suite name="Suite" duration-ms="2487" started-at="2019-08-07T06:43:51Z" finished-at="2019-08-07T06:43:53Z">
    <groups>
    </groups>
    <test name="Test" duration-ms="2487" started-at="2019-08-07T06:43:51Z" finished-at="2019-08-07T06:43:53Z">
      <class name="StepDefinition.dataDrivenLoginStepDef">
        <test-method status="PASS" signature="userOn_loginPage()[pri:0, instance:StepDefinition.dataDrivenLoginStepDef@30c7da1e]" name="userOn_loginPage" is-config="true" duration-ms="43391" started-at="2019-08-07T12:13:07Z" finished-at="2019-08-07T12:13:51Z">
          <reporter-output>
          </reporter-output>
        </test-method> <!-- userOn_loginPage -->
        <test-method status="SKIP" signature="user_entersdata(java.lang.String, java.lang.String)[pri:0, instance:StepDefinition.dataDrivenLoginStepDef@30c7da1e]" name="user_entersdata" duration-ms="0" started-at="2019-08-07T12:13:51Z" finished-at="2019-08-07T12:13:51Z">
          <exception class="org.testng.TestNGException">
            <message>
              <![CDATA[
Method user_entersdata requires 2 parameters but 0 were supplied in the @Test annotation.]]>
            </message>
            <full-stacktrace>
              <![CDATA[org.testng.TestNGException: 
Method user_entersdata requires 2 parameters but 0 were supplied in the @Test annotation.
	at org.testng.internal.Parameters.checkParameterTypes(Parameters.java:191)
	at org.testng.internal.Parameters.createParameters(Parameters.java:127)
	at org.testng.internal.Parameters.createParameters(Parameters.java:376)
	at org.testng.internal.Parameters.handleParameters(Parameters.java:451)
	at org.testng.internal.Invoker.handleParameters(Invoker.java:1276)
	at org.testng.internal.Invoker.createParameters(Invoker.java:991)
	at org.testng.internal.Invoker.invokeTestMethods(Invoker.java:1081)
	at org.testng.internal.TestMethodWorker.invokeTestMethods(TestMethodWorker.java:129)
	at org.testng.internal.TestMethodWorker.run(TestMethodWorker.java:112)
	at org.testng.TestRunner.privateRun(TestRunner.java:782)
	at org.testng.TestRunner.run(TestRunner.java:632)
	at org.testng.SuiteRunner.runTest(SuiteRunner.java:366)
	at org.testng.SuiteRunner.runSequentially(SuiteRunner.java:361)
	at org.testng.SuiteRunner.privateRun(SuiteRunner.java:319)
	at org.testng.SuiteRunner.run(SuiteRunner.java:268)
	at org.testng.SuiteRunnerWorker.runSuite(SuiteRunnerWorker.java:52)
	at org.testng.SuiteRunnerWorker.run(SuiteRunnerWorker.java:86)
	at org.testng.TestNG.runSuitesSequentially(TestNG.java:1244)
	at org.testng.TestNG.runSuitesLocally(TestNG.java:1169)
	at org.testng.TestNG.run(TestNG.java:1064)
	at org.testng.remote.RemoteTestNG.run(RemoteTestNG.java:113)
	at org.testng.remote.RemoteTestNG.initAndRun(RemoteTestNG.java:206)
	at org.testng.remote.RemoteTestNG.main(RemoteTestNG.java:177)
]]>
            </full-stacktrace>
          </exception> <!-- org.testng.TestNGException -->
          <reporter-output>
          </reporter-output>
        </test-method> <!-- user_entersdata -->
        <test-method status="PASS" signature="clickButton()[pri:0, instance:StepDefinition.dataDrivenLoginStepDef@30c7da1e]" name="clickButton" duration-ms="2185" started-at="2019-08-07T12:13:51Z" finished-at="2019-08-07T12:13:53Z">
          <reporter-output>
          </reporter-output>
        </test-method> <!-- clickButton -->
        <test-method status="FAIL" signature="closing_of_the_browser()[pri:0, instance:StepDefinition.dataDrivenLoginStepDef@30c7da1e]" name="closing_of_the_browser" is-config="true" duration-ms="0" started-at="2019-08-07T12:13:55Z" finished-at="2019-08-07T12:13:55Z">
          <exception class="cucumber.api.PendingException">
            <message>
              <![CDATA[TODO: implement me]]>
            </message>
            <full-stacktrace>
              <![CDATA[cucumber.api.PendingException: TODO: implement me
	at StepDefinition.dataDrivenLoginStepDef.closing_of_the_browser(dataDrivenLoginStepDef.java:55)
	at sun.reflect.NativeMethodAccessorImpl.invoke0(Native Method)
	at sun.reflect.NativeMethodAccessorImpl.invoke(NativeMethodAccessorImpl.java:62)
	at sun.reflect.DelegatingMethodAccessorImpl.invoke(DelegatingMethodAccessorImpl.java:43)
	at java.lang.reflect.Method.invoke(Method.java:498)
	at org.testng.internal.MethodInvocationHelper.invokeMethod(MethodInvocationHelper.java:86)
	at org.testng.internal.Invoker.invokeConfigurationMethod(Invoker.java:514)
	at org.testng.internal.Invoker.invokeConfigurations(Invoker.java:215)
	at org.testng.internal.Invoker.invokeConfigurations(Invoker.java:142)
	at org.testng.SuiteRunner.privateRun(SuiteRunner.java:336)
	at org.testng.SuiteRunner.run(SuiteRunner.java:268)
	at org.testng.SuiteRunnerWorker.runSuite(SuiteRunnerWorker.java:52)
	at org.testng.SuiteRunnerWorker.run(SuiteRunnerWorker.java:86)
	at org.testng.TestNG.runSuitesSequentially(TestNG.java:1244)
	at org.testng.TestNG.runSuitesLocally(TestNG.java:1169)
	at org.testng.TestNG.run(TestNG.java:1064)
	at org.testng.remote.RemoteTestNG.run(RemoteTestNG.java:113)
	at org.testng.remote.RemoteTestNG.initAndRun(RemoteTestNG.java:206)
	at org.testng.remote.RemoteTestNG.main(RemoteTestNG.java:177)
]]>
            </full-stacktrace>
          </exception> <!-- cucumber.api.PendingException -->
          <reporter-output>
          </reporter-output>
        </test-method> <!-- closing_of_the_browser -->
      </class> <!-- StepDefinition.dataDrivenLoginStepDef -->
    </test> <!-- Test -->
  </suite> <!-- Suite -->
</testng-results>
